<?xml version="1.0" encoding="UTF-8"?>
<!-- Generated by org.testng.reporters.JUnitReportReporter -->
<testsuite hostname="mmt-mac-6727.local" failures="0" tests="1" name="com.hiver.assignement.Assignement2" time="13.609" errors="0" timestamp="7 Oct 2019 05:56:09 GMT">
  <testcase classname="com.hiver.assignement.Assignement2" name="comparePriceBetweenAmazonAndFlipkart" time="13.609"/>
</testsuite> <!-- com.hiver.assignement.Assignement2 -->
